Build started 17/10/2016 18:51:26.
     1>Project "Z:\EditorCPP\EditorEmCPP\EditorTexto\EditorTexto.vcxproj" on node 2 (Build target(s)).
     1>ClCompile:
         C:\Program Files (x86)\Microsoft Visual Studio 12.0\VC\bin\CL.exe /c /ZI /nologo /W3 /WX- /sdl /Od /Oy- /D WIN32 /D _DEBUG /D _CONSOLE /D _LIB /D _UNICODE /D UNICODE /Gm /EHsc /RTC1 /MDd /GS /fp:precise /Zc:wchar_t /Zc:forScope /Yu"stdafx.h" /Fp"Debug\EditorTexto.pch" /Fo"Debug\\" /Fd"Debug\vc120.pdb" /Gd /TP /analyze- /errorReport:prompt ..\..\Acao.cpp ..\..\ListaDuplaCirc.cpp ..\..\NoLista.cpp ..\..\Pilha.cpp ..\..\String.cpp
         String.cpp
     1>z:\editorcpp\string.cpp(1): warning C4627: '#include "String.h"': skipped when looking for precompiled header use
                 Add directive to 'stdafx.h' or rebuild precompiled header
     1>z:\editorcpp\string.cpp(6): error C2653: 'String' : is not a class or namespace name
     1>z:\editorcpp\string.cpp(6): error C4430: missing type specifier - int assumed. Note: C++ does not support default-int
     1>z:\editorcpp\string.cpp(6): error C2143: syntax error : missing ',' before '&'
     1>z:\editorcpp\string.cpp(6): error C2065: 'original' : undeclared identifier
     1>z:\editorcpp\string.cpp(6): error C2228: left of '.minhaString' must have class/struct/union
                 type is 'unknown-type'
     1>z:\editorcpp\string.cpp(6): error C2228: left of '.length' must have class/struct/union
                 type is 'unknown-type'
     1>z:\editorcpp\string.cpp(6): error C2228: left of '.getTamanhoMax' must have class/struct/union
                 type is 'unknown-type'
     1>z:\editorcpp\string.cpp(7): error C2550: 'String' : constructor initializer lists are only allowed on constructor definitions
     1>z:\editorcpp\string.cpp(9): warning C4508: 'String' : function should return a value; 'void' return type assumed
     1>z:\editorcpp\string.cpp(11): error C2653: 'String' : is not a class or namespace name
     1>z:\editorcpp\string.cpp(11): error C4430: missing type specifier - int assumed. Note: C++ does not support default-int
     1>z:\editorcpp\string.cpp(12): error C2550: 'String' : constructor initializer lists are only allowed on constructor definitions
     1>z:\editorcpp\string.cpp(14): warning C4508: 'String' : function should return a value; 'void' return type assumed
     1>z:\editorcpp\string.cpp(16): error C2653: 'String' : is not a class or namespace name
     1>z:\editorcpp\string.cpp(16): error C2039: 'string' : is not a member of 'std'
     1>z:\editorcpp\string.cpp(16): error C2065: 'string' : undeclared identifier
     1>z:\editorcpp\string.cpp(16): error C2146: syntax error : missing ')' before identifier 'novaString'
     1>z:\editorcpp\string.cpp(16): error C4430: missing type specifier - int assumed. Note: C++ does not support default-int
     1>z:\editorcpp\string.cpp(16): error C2365: 'String' : redefinition; previous definition was 'function'
     1>z:\editorcpp\string.cpp(16): error C2550: 'void __cdecl `dynamic initializer for 'String''(void)' : constructor initializer lists are only allowed on constructor definitions
     1>z:\editorcpp\string.cpp(16): error C2059: syntax error : ')'
     1>z:\editorcpp\string.cpp(16): error C2065: 'novaString' : undeclared identifier
     1>z:\editorcpp\string.cpp(16): error C2228: left of '.length' must have class/struct/union
                 type is 'unknown-type'
     1>z:\editorcpp\string.cpp(17): error C2448: 'minhaString' : function-style initializer appears to be a function definition
     1>z:\editorcpp\string.cpp(22): error C2653: 'String' : is not a class or namespace name
     1>z:\editorcpp\string.cpp(22): fatal error C1903: unable to recover from previous error(s); stopping compilation
         Pilha.cpp
     1>z:\editorcpp\pilha.cpp(1): warning C4627: '#include "cstddef"': skipped when looking for precompiled header use
                 Add directive to 'stdafx.h' or rebuild precompiled header
     1>z:\editorcpp\pilha.cpp(2): warning C4627: '#include "iostream"': skipped when looking for precompiled header use
                 Add directive to 'stdafx.h' or rebuild precompiled header
     1>z:\editorcpp\pilha.cpp(3): warning C4627: '#include "stdlib.h"': skipped when looking for precompiled header use
                 Add directive to 'stdafx.h' or rebuild precompiled header
     1>z:\editorcpp\pilha.cpp(4): warning C4627: '#include "Pilha.h"': skipped when looking for precompiled header use
                 Add directive to 'stdafx.h' or rebuild precompiled header
     1>z:\editorcpp\pilha.cpp(11): error C2653: 'Pilha' : is not a class or namespace name
     1>z:\editorcpp\pilha.cpp(11): error C4430: missing type specifier - int assumed. Note: C++ does not support default-int
     1>z:\editorcpp\pilha.cpp(12): error C2550: 'Pilha' : constructor initializer lists are only allowed on constructor definitions
     1>z:\editorcpp\pilha.cpp(13): error C2355: 'this' : can only be referenced inside non-static member functions or non-static data member initializers
     1>z:\editorcpp\pilha.cpp(13): error C2227: left of '->tamanhoMax' must point to class/struct/union/generic type
     1>z:\editorcpp\pilha.cpp(14): error C2355: 'this' : can only be referenced inside non-static member functions or non-static data member initializers
     1>z:\editorcpp\pilha.cpp(14): error C2227: left of '->tamanhoAtual' must point to class/struct/union/generic type
     1>z:\editorcpp\pilha.cpp(15): error C2355: 'this' : can only be referenced inside non-static member functions or non-static data member initializers
     1>z:\editorcpp\pilha.cpp(15): error C2227: left of '->acoes' must point to class/struct/union/generic type
     1>z:\editorcpp\pilha.cpp(15): error C2061: syntax error : identifier 'Acao'
     1>z:\editorcpp\pilha.cpp(16): warning C4508: 'Pilha' : function should return a value; 'void' return type assumed
     1>z:\editorcpp\pilha.cpp(18): error C2653: 'Pilha' : is not a class or namespace name
     1>z:\editorcpp\pilha.cpp(18): error C4430: missing type specifier - int assumed. Note: C++ does not support default-int
     1>z:\editorcpp\pilha.cpp(18): error C2143: syntax error : missing ',' before '&'
     1>z:\editorcpp\pilha.cpp(18): error C2065: 'original' : undeclared identifier
     1>z:\editorcpp\pilha.cpp(18): error C2228: left of '.tamanhoMax' must have class/struct/union
                 type is 'unknown-type'
     1>z:\editorcpp\pilha.cpp(18): error C2228: left of '.tamanhoAtual' must have class/struct/union
                 type is 'unknown-type'
     1>z:\editorcpp\pilha.cpp(18): error C2228: left of '.acoes' must have class/struct/union
                 type is 'unknown-type'
     1>z:\editorcpp\pilha.cpp(19): error C2550: 'Pilha' : constructor initializer lists are only allowed on constructor definitions
     1>z:\editorcpp\pilha.cpp(20): error C2355: 'this' : can only be referenced inside non-static member functions or non-static data member initializers
     1>z:\editorcpp\pilha.cpp(20): error C2227: left of '->tamanhoMax' must point to class/struct/union/generic type
     1>z:\editorcpp\pilha.cpp(20): error C2065: 'original' : undeclared identifier
     1>z:\editorcpp\pilha.cpp(20): error C2228: left of '.tamanhoMax' must have class/struct/union
                 type is 'unknown-type'
     1>z:\editorcpp\pilha.cpp(21): error C2065: 'original' : undeclared identifier
     1>z:\editorcpp\pilha.cpp(21): error C2228: left of '.tamanhoAtual' must have class/struct/union
                 type is 'unknown-type'
     1>z:\editorcpp\pilha.cpp(22): error C2355: 'this' : can only be referenced inside non-static member functions or non-static data member initializers
     1>z:\editorcpp\pilha.cpp(22): error C2227: left of '->empilhar' must point to class/struct/union/generic type
     1>z:\editorcpp\pilha.cpp(22): error C2065: 'original' : undeclared identifier
     1>z:\editorcpp\pilha.cpp(22): error C2228: left of '.valorDe' must have class/struct/union
                 type is 'unknown-type'
     1>z:\editorcpp\pilha.cpp(23): warning C4508: 'Pilha' : function should return a value; 'void' return type assumed
     1>z:\editorcpp\pilha.cpp(25): error C2653: 'Pilha' : is not a class or namespace name
     1>z:\editorcpp\pilha.cpp(25): fatal error C1903: unable to recover from previous error(s); stopping compilation
         NoLista.cpp
     1>z:\editorcpp\nolista.cpp(1): warning C4627: '#include "iostream"': skipped when looking for precompiled header use
                 Add directive to 'stdafx.h' or rebuild precompiled header
     1>z:\editorcpp\nolista.cpp(2): warning C4627: '#include "stdlib.h"': skipped when looking for precompiled header use
                 Add directive to 'stdafx.h' or rebuild precompiled header
     1>z:\editorcpp\nolista.cpp(4): warning C4627: '#include "NoLista.h"': skipped when looking for precompiled header use
                 Add directive to 'stdafx.h' or rebuild precompiled header
     1>z:\editorcpp\nolista.cpp(5): warning C4627: '#include "String.h"': skipped when looking for precompiled header use
                 Add directive to 'stdafx.h' or rebuild precompiled header
     1>z:\editorcpp\nolista.cpp(8): error C2143: syntax error : missing ';' before '<'
     1>z:\editorcpp\nolista.cpp(8): error C2988: unrecognizable template declaration/definition
     1>z:\editorcpp\nolista.cpp(8): error C2059: syntax error : '<'
     1>z:\editorcpp\nolista.cpp(8): error C2039: 'NoLista' : is not a member of '`global namespace''
     1>z:\editorcpp\nolista.cpp(14): error C2039: 'NoLista' : is not a member of '`global namespace''
     1>z:\editorcpp\nolista.cpp(14): error C2065: 'novoDado' : undeclared identifier
     1>z:\editorcpp\nolista.cpp(15): fatal error C1903: unable to recover from previous error(s); stopping compilation
         ListaDuplaCirc.cpp
     1>z:\editorcpp\listaduplacirc.cpp(1): warning C4627: '#include "iostream"': skipped when looking for precompiled header use
                 Add directive to 'stdafx.h' or rebuild precompiled header
     1>z:\editorcpp\listaduplacirc.cpp(2): warning C4627: '#include "stdlib.h"': skipped when looking for precompiled header use
                 Add directive to 'stdafx.h' or rebuild precompiled header
     1>z:\editorcpp\listaduplacirc.cpp(4): warning C4627: '#include "ListaDuplaCirc.h"': skipped when looking for precompiled header use
                 Add directive to 'stdafx.h' or rebuild precompiled header
     1>z:\editorcpp\listaduplacirc.cpp(5): warning C4627: '#include "NoLista.h"': skipped when looking for precompiled header use
                 Add directive to 'stdafx.h' or rebuild precompiled header
     1>z:\editorcpp\listaduplacirc.cpp(10): error C2143: syntax error : missing ';' before '<'
     1>z:\editorcpp\listaduplacirc.cpp(10): error C2988: unrecognizable template declaration/definition
     1>z:\editorcpp\listaduplacirc.cpp(10): error C2059: syntax error : '<'
     1>z:\editorcpp\listaduplacirc.cpp(10): error C2039: 'PERCORRER_AUTO' : is not a member of '`global namespace''
     1>z:\editorcpp\listaduplacirc.cpp(13): error C2039: 'PERCORRER_MANUAL' : is not a member of '`global namespace''
     1>z:\editorcpp\listaduplacirc.cpp(17): error C2143: syntax error : missing ';' before '<'
     1>z:\editorcpp\listaduplacirc.cpp(17): error C2988: unrecognizable template declaration/definition
     1>z:\editorcpp\listaduplacirc.cpp(17): error C2059: syntax error : '<'
     1>z:\editorcpp\listaduplacirc.cpp(24): error C2143: syntax error : missing ';' before '{'
     1>z:\editorcpp\listaduplacirc.cpp(24): error C2447: '{' : missing function header (old-style formal list?)
     1>z:\editorcpp\listaduplacirc.cpp(29): error C2143: syntax error : missing ';' before '<'
     1>z:\editorcpp\listaduplacirc.cpp(29): error C2988: unrecognizable template declaration/definition
     1>z:\editorcpp\listaduplacirc.cpp(29): error C2059: syntax error : '<'
     1>z:\editorcpp\listaduplacirc.cpp(29): error C2588: '::~ListaDuplaCirc' : illegal global destructor
     1>z:\editorcpp\listaduplacirc.cpp(29): fatal error C1903: unable to recover from previous error(s); stopping compilation
         Acao.cpp
     1>z:\editorcpp\acao.cpp(1): warning C4627: '#include "Acao.h"': skipped when looking for precompiled header use
                 Add directive to 'stdafx.h' or rebuild precompiled header
     1>z:\editorcpp\acao.cpp(2): warning C4627: '#include "iostream"': skipped when looking for precompiled header use
                 Add directive to 'stdafx.h' or rebuild precompiled header
     1>z:\editorcpp\acao.cpp(3): warning C4627: '#include "stdlib.h"': skipped when looking for precompiled header use
                 Add directive to 'stdafx.h' or rebuild precompiled header
     1>z:\editorcpp\acao.cpp(4): warning C4627: '#include "String.h"': skipped when looking for precompiled header use
                 Add directive to 'stdafx.h' or rebuild precompiled header
     1>z:\editorcpp\acao.cpp(11): error C2653: 'Acao' : is not a class or namespace name
     1>z:\editorcpp\acao.cpp(11): error C2065: 'String' : undeclared identifier
     1>z:\editorcpp\acao.cpp(11): error C2065: 'novaPalavra' : undeclared identifier
     1>z:\editorcpp\acao.cpp(11): error C2065: 'novoTipo' : undeclared identifier
     1>z:\editorcpp\acao.cpp(11): error C2062: type 'unsigned int' unexpected
     1>z:\editorcpp\acao.cpp(11): error C4430: missing type specifier - int assumed. Note: C++ does not support default-int
     1>z:\editorcpp\acao.cpp(11): error C2065: 'novoX' : undeclared identifier
     1>z:\editorcpp\acao.cpp(11): error C2065: 'novoY' : undeclared identifier
     1>z:\editorcpp\acao.cpp(12): error C2448: 'Y' : function-style initializer appears to be a function definition
     1>z:\editorcpp\acao.cpp(19): error C2653: 'Acao' : is not a class or namespace name
     1>z:\editorcpp\acao.cpp(19): error C4430: missing type specifier - int assumed. Note: C++ does not support default-int
     1>z:\editorcpp\acao.cpp(19): error C2143: syntax error : missing ',' before '&'
     1>z:\editorcpp\acao.cpp(19): error C2065: 'original' : undeclared identifier
     1>z:\editorcpp\acao.cpp(19): error C2228: left of '.palavraMudou' must have class/struct/union
                 type is 'unknown-type'
     1>z:\editorcpp\acao.cpp(19): error C2228: left of '.tipo' must have class/struct/union
                 type is 'unknown-type'
     1>z:\editorcpp\acao.cpp(19): error C2228: left of '.X' must have class/struct/union
                 type is 'unknown-type'
     1>z:\editorcpp\acao.cpp(19): error C2228: left of '.Y' must have class/struct/union
                 type is 'unknown-type'
     1>z:\editorcpp\acao.cpp(20): error C2550: 'Acao' : constructor initializer lists are only allowed on constructor definitions
     1>z:\editorcpp\acao.cpp(21): error C2355: 'this' : can only be referenced inside non-static member functions or non-static data member initializers
     1>z:\editorcpp\acao.cpp(21): error C2227: left of '->palavraMudou' must point to class/struct/union/generic type
     1>z:\editorcpp\acao.cpp(21): error C2065: 'original' : undeclared identifier
     1>z:\editorcpp\acao.cpp(21): error C2228: left of '.palavraMudou' must have class/struct/union
                 type is 'unknown-type'
     1>z:\editorcpp\acao.cpp(22): error C2355: 'this' : can only be referenced inside non-static member functions or non-static data member initializers
     1>z:\editorcpp\acao.cpp(22): error C2227: left of '->tipo' must point to class/struct/union/generic type
     1>z:\editorcpp\acao.cpp(22): error C2065: 'original' : undeclared identifier
     1>z:\editorcpp\acao.cpp(22): error C2228: left of '.tipo' must have class/struct/union
                 type is 'unknown-type'
     1>z:\editorcpp\acao.cpp(23): error C2355: 'this' : can only be referenced inside non-static member functions or non-static data member initializers
     1>z:\editorcpp\acao.cpp(23): error C2227: left of '->X' must point to class/struct/union/generic type
     1>z:\editorcpp\acao.cpp(23): error C2065: 'original' : undeclared identifier
     1>z:\editorcpp\acao.cpp(23): error C2228: left of '.X' must have class/struct/union
                 type is 'unknown-type'
     1>z:\editorcpp\acao.cpp(24): error C2355: 'this' : can only be referenced inside non-static member functions or non-static data member initializers
     1>z:\editorcpp\acao.cpp(24): error C2227: left of '->Y' must point to class/struct/union/generic type
     1>z:\editorcpp\acao.cpp(24): error C2065: 'original' : undeclared identifier
     1>z:\editorcpp\acao.cpp(24): error C2228: left of '.Y' must have class/struct/union
                 type is 'unknown-type'
     1>z:\editorcpp\acao.cpp(25): warning C4508: 'Acao' : function should return a value; 'void' return type assumed
     1>z:\editorcpp\acao.cpp(27): error C2653: 'Acao' : is not a class or namespace name
     1>z:\editorcpp\acao.cpp(27): error C4430: missing type specifier - int assumed. Note: C++ does not support default-int
     1>z:\editorcpp\acao.cpp(28): error C2550: 'Acao' : constructor initializer lists are only allowed on constructor definitions
     1>z:\editorcpp\acao.cpp(30): warning C4508: 'Acao' : function should return a value; 'void' return type assumed
     1>z:\editorcpp\acao.cpp(32): error C2653: 'Acao' : is not a class or namespace name
     1>z:\editorcpp\acao.cpp(32): fatal error C1903: unable to recover from previous error(s); stopping compilation
         Generating Code...
     1>Done Building Project "Z:\EditorCPP\EditorEmCPP\EditorTexto\EditorTexto.vcxproj" (Build target(s)) -- FAILED.

Build FAILED.

Time Elapsed 00:00:08.56
